Arguments: 
  /usr/local/bin/node /usr/local/bin/yarn

PATH: 
  /home/hovhannes/bin:/home/hovhannes/.local/bin:/home/hovhannes/bin:/home/hovhannes/.local/bin:/usr/local/sbin:/usr/local/bin:/usr/sbin:/usr/bin:/sbin:/bin:/usr/games:/usr/local/games:/snap/bin

Yarn version: 
  1.7.0

Node version: 
  10.2.1

Platform: 
  linux x64

Trace: 
  Error: EACCES: permission denied, mkdir '/home/hovhannes/projects/sylkar-auth-front/node_modules/@angular-devkit/architect/node_modules/ajv'

npm manifest: 
  {
    "name": "app",
    "version": "0.0.1",
    "license": "MIT",
    "scripts": {
      "ng": "ng",
      "start": "ng serve",
      "build": "ng build --prod",
      "test": "ng test",
      "lint": "ng lint",
      "e2e": "ng e2e"
    },
    "private": true,
    "dependencies": {
      "@angular-devkit/core": "^0.5.4",
      "@angular/animations": "^5.2.9",
      "@angular/common": "^5.2.9",
      "@angular/compiler": "^5.2.9",
      "@angular/core": "^5.2.9",
      "@angular/forms": "^5.2.9",
      "@angular/http": "^5.2.9",
      "@angular/platform-browser": "^5.2.9",
      "@angular/platform-browser-dynamic": "^5.2.9",
      "@angular/router": "^5.2.9",
      "@ngx-loading-bar/http-client": "^1.6.0",
      "@ngx-translate/core": "^9.1.1",
      "@ngx-translate/http-loader": "^3.0.1",
      "bootstrap": "^4.0.0",
      "core-js": "^2.5.4",
      "jquery": "^3.3.1",
      "lodash-es": "^4.17.8",
      "ngx-bootstrap": "^2.0.3",
      "ngx-cookie-service": "^1.0.10",
      "rxjs": "^5.5.8",
      "zone.js": "^0.8.25"
    },
    "devDependencies": {
      "@angular/cli": "^1.7.4",
      "@angular/compiler-cli": "^5.2.9",
      "@angular/language-service": "^5.2.9",
      "@types/jasmine": "~2.8.6",
      "@types/jasminewd2": "~2.0.3",
      "@types/lodash-es": "^4.17.0",
      "@types/node": "~9.6.2",
      "codelyzer": "^4.2.1",
      "jasmine-core": "~3.1.0",
      "jasmine-spec-reporter": "~4.2.1",
      "karma": "~2.0.0",
      "karma-chrome-launcher": "~2.2.0",
      "karma-cli": "~1.0.1",
      "karma-coverage-istanbul-reporter": "^1.4.2",
      "karma-jasmine": "~1.1.1",
      "karma-jasmine-html-reporter": "^1.0.0",
      "protractor": "~5.3.1",
      "ts-node": "~5.0.1",
      "tslint": "~5.9.1",
      "tslint-consistent-codestyle": "^1.13.0",
      "tslint-eslint-rules": "^5.1.0",
      "tslint-origin-ordered-imports-rule": "^1.0.4",
      "tslint-rxjs-subject-restrictions-rule": "^1.0.4",
      "typescript": "~2.6.0",
      "@angular-devkit/build-angular": "~0.6.5"
    }
  }

yarn manifest: 
  No manifest

Lockfile: 
  No lockfile
